<?xml version="1.0" encoding="utf-8" standalone="no"?>
<test-results xmlns:xsi="http://www.w3.org/2001/XMLSchema-instance" xsi:noNamespaceSchemaLocation="nunit_schema_2.5.xsd" name="Pester" total="0" errors="0" failures="0" not-run="0" inconclusive="0" ignored="0" skipped="0" invalid="0" date="2022-07-21" time="16:56:21">
  <environment clr-version="Unknown" user="Jonathan Moss" user-domain="jmoss" platform="Microsoft Windows 11 Pro|C:\Windows|\Device\Harddisk0\Partition3" os-version="10.0.22000" cwd="C:\Users\Jonathan Moss\Github\Powerzilla\Tests" nunit-version="2.5.8.0" machine-name="JMOSS" />
  <culture-info current-culture="en-US" current-uiculture="en-US" />
  <test-suite type="TestFixture" name="Pester" executed="True" result="Success" success="True" time="0.0269" asserts="0" description="Pester">
    <results />
  </test-suite>
</test-results>